<?xml version="1.0" encoding="utf-8"?><testsuites name="pytest tests"><testsuite name="pytest" errors="0" failures="0" skipped="0" tests="7" time="5.649" timestamp="2026-07-06T15:01:20.182312+00:00" hostname="agent-env-14f2addf-d349-4883-b9df-bcc49a2eac02"><testcase classname="backend.tests.test_age_toggle_and_chat" name="test_01_login_works" time="0.624" /><testcase classname="backend.tests.test_age_toggle_and_chat" name="test_02_get_dog_info" time="0.558" /><testcase classname="backend.tests.test_age_toggle_and_chat" name="test_03_update_dog_age_months" time="0.414" /><testcase classname="backend.tests.test_age_toggle_and_chat" name="test_04_update_dog_age_years_converted" time="0.397" /><testcase classname="backend.tests.test_age_toggle_and_chat" name="test_05_get_medical_events" time="0.134" /><testcase classname="backend.tests.test_age_toggle_and_chat" name="test_06_chat_includes_medical_history" time="3.351" /><testcase classname="backend.tests.test_age_toggle_and_chat" name="test_07_health_check" time="0.114" /></testsuite></testsuites>