<?xml version="1.0" encoding="utf-8"?><testsuites name="pytest tests"><testsuite name="pytest" errors="0" failures="0" skipped="0" tests="15" time="15.866" timestamp="2026-03-18T11:27:47.761038+00:00" hostname="agent-env-49343937-d9c3-4471-9b1b-c5de9bbd1896"><testcase classname="backend.tests.test_base64_upload_cascade_delete.TestHealthAndAuth" name="test_health_check" time="0.254" /><testcase classname="backend.tests.test_base64_upload_cascade_delete.TestHealthAndAuth" name="test_review_account_login" time="0.633" /><testcase classname="backend.tests.test_base64_upload_cascade_delete.TestBase64UploadEndpoint" name="test_upload_base64_accepts_json" time="1.213" /><testcase classname="backend.tests.test_base64_upload_cascade_delete.TestBase64UploadEndpoint" name="test_upload_base64_with_data_uri_prefix" time="1.015" /><testcase classname="backend.tests.test_base64_upload_cascade_delete.TestBase64UploadEndpoint" name="test_upload_base64_requires_auth" time="0.142" /><testcase classname="backend.tests.test_base64_upload_cascade_delete.TestBase64UploadEndpoint" name="test_upload_base64_invalid_base64" time="0.041" /><testcase classname="backend.tests.test_base64_upload_cascade_delete.TestPhotoLimitForFreeUsers" name="test_free_user_photo_limit" time="3.309" /><testcase classname="backend.tests.test_base64_upload_cascade_delete.TestCascadeDelete" name="test_cascade_delete_flow" time="4.089" /><testcase classname="backend.tests.test_base64_upload_cascade_delete.TestCascadeDelete" name="test_delete_nonexistent_dog_returns_404" time="0.113" /><testcase classname="backend.tests.test_base64_upload_cascade_delete.TestDogsEndpoints" name="test_get_dogs_returns_list" time="0.125" /><testcase classname="backend.tests.test_base64_upload_cascade_delete.TestDogsEndpoints" name="test_get_specific_dog" time="0.108" /><testcase classname="backend.tests.test_base64_upload_cascade_delete.TestDogsEndpoints" name="test_create_dog" time="0.637" /><testcase classname="backend.tests.test_base64_upload_cascade_delete.TestChatTextMessages" name="test_chat_text_message" time="3.867" /><testcase classname="backend.tests.test_base64_upload_cascade_delete.TestChatTextMessages" name="test_chat_requires_auth" time="0.119" /><testcase classname="backend.tests.test_base64_upload_cascade_delete.TestCleanup" name="test_cleanup_test_dogs" time="0.131" /></testsuite></testsuites>