<?xml version="1.0" encoding="utf-8"?><testsuites name="pytest tests"><testsuite name="pytest" errors="0" failures="0" skipped="0" tests="13" time="17.380" timestamp="2026-03-16T06:18:34.094639+00:00" hostname="agent-env-a23a233b-9a9a-44ff-9de9-865896dd6698"><testcase classname="backend.tests.test_chat_features.TestAuthAndSetup" name="test_login_success" time="0.659" /><testcase classname="backend.tests.test_chat_features.TestChatEndpoint" name="test_chat_returns_200" time="2.363" /><testcase classname="backend.tests.test_chat_features.TestChatEndpoint" name="test_chat_response_contains_emojis" time="4.727" /><testcase classname="backend.tests.test_chat_features.TestChatEndpoint" name="test_chat_response_no_raw_asterisks" time="5.661" /><testcase classname="backend.tests.test_chat_features.TestChatEndpoint" name="test_chat_requires_auth" time="0.047" /><testcase classname="backend.tests.test_chat_features.TestChatRatingEndpoint" name="test_rate_message_up" time="2.648" /><testcase classname="backend.tests.test_chat_features.TestChatRatingEndpoint" name="test_rate_message_down" time="0.169" /><testcase classname="backend.tests.test_chat_features.TestChatRatingEndpoint" name="test_rate_invalid_rating_value" time="0.100" /><testcase classname="backend.tests.test_chat_features.TestChatRatingEndpoint" name="test_rate_requires_auth" time="0.040" /><testcase classname="backend.tests.test_chat_features.TestChatHistoryEndpoint" name="test_get_chat_history_returns_200" time="0.528" /><testcase classname="backend.tests.test_chat_features.TestChatHistoryEndpoint" name="test_chat_history_message_structure" time="0.169" /><testcase classname="backend.tests.test_chat_features.TestChatHistoryEndpoint" name="test_chat_history_with_limit" time="0.162" /><testcase classname="backend.tests.test_chat_features.TestChatHistoryEndpoint" name="test_chat_history_requires_auth" time="0.042" /></testsuite></testsuites>