<?xml version="1.0" encoding="utf-8"?><testsuites name="pytest tests"><testsuite name="pytest" errors="0" failures="0" skipped="0" tests="14" time="5.899" timestamp="2026-03-16T06:40:16.826379+00:00" hostname="agent-env-a23a233b-9a9a-44ff-9de9-865896dd6698"><testcase classname="backend.tests.test_emotion_diary.TestEmotionDiaryAuth" name="test_post_diary_requires_auth" time="0.248" /><testcase classname="backend.tests.test_emotion_diary.TestEmotionDiaryAuth" name="test_get_diary_requires_auth" time="0.075" /><testcase classname="backend.tests.test_emotion_diary.TestEmotionDiaryAuth" name="test_get_diary_today_requires_auth" time="1.207" /><testcase classname="backend.tests.test_emotion_diary.TestEmotionDiaryAuth" name="test_get_diary_insights_requires_auth" time="0.086" /><testcase classname="backend.tests.test_emotion_diary.TestEmotionDiaryWithAuth" name="test_get_today_returns_200_gracefully" time="0.671" /><testcase classname="backend.tests.test_emotion_diary.TestEmotionDiaryWithAuth" name="test_get_diary_entries_returns_200_gracefully" time="0.220" /><testcase classname="backend.tests.test_emotion_diary.TestEmotionDiaryWithAuth" name="test_get_diary_entries_with_default_days" time="0.218" /><testcase classname="backend.tests.test_emotion_diary.TestEmotionDiaryWithAuth" name="test_get_diary_insights_returns_200_gracefully" time="0.211" /><testcase classname="backend.tests.test_emotion_diary.TestEmotionDiaryWithAuth" name="test_post_diary_entry_expected_500" time="0.205" /><testcase classname="backend.tests.test_emotion_diary.TestEmotionDiaryWithAuth" name="test_post_diary_missing_emotion_field" time="0.152" /><testcase classname="backend.tests.test_emotion_diary.TestEmotionDiaryWithAuth" name="test_post_diary_with_optional_fields" time="0.206" /><testcase classname="backend.tests.test_emotion_diary.TestEmotionDiaryEdgeCases" name="test_get_diary_with_days_parameter" time="1.399" /><testcase classname="backend.tests.test_emotion_diary.TestEmotionDiaryEdgeCases" name="test_get_diary_with_invalid_days" time="0.434" /><testcase classname="backend.tests.test_emotion_diary.TestEmotionDiaryEdgeCases" name="test_valid_emotions_post" time="0.510" /></testsuite></testsuites>