<?xml version="1.0" encoding="utf-8"?><testsuites name="pytest tests"><testsuite name="pytest" errors="0" failures="0" skipped="0" tests="6" time="4.751" timestamp="2026-03-17T18:54:54.235605+00:00" hostname="agent-env-49343937-d9c3-4471-9b1b-c5de9bbd1896"><testcase classname="backend.tests.test_emotion_diary_visibility.TestDiaryEndpoints" name="test_get_today_diary_status" time="1.626" /><testcase classname="backend.tests.test_emotion_diary_visibility.TestDiaryEndpoints" name="test_get_diary_entries_with_days_param" time="0.674" /><testcase classname="backend.tests.test_emotion_diary_visibility.TestDiaryEndpoints" name="test_post_diary_creates_or_updates_entry" time="0.632" /><testcase classname="backend.tests.test_emotion_diary_visibility.TestDiaryEndpoints" name="test_verify_posted_entry_in_history" time="0.560" /><testcase classname="backend.tests.test_emotion_diary_visibility.TestDiaryEndpoints" name="test_diary_entry_structure_for_frontend" time="0.539" /><testcase classname="backend.tests.test_emotion_diary_visibility.TestDiaryWithDifferentEmotions" name="test_post_worried_emotion" time="0.664" /></testsuite></testsuites>