<?xml version="1.0" encoding="utf-8"?><testsuites name="pytest tests"><testsuite name="pytest" errors="0" failures="0" skipped="0" tests="7" time="1.824" timestamp="2026-03-16T11:02:21.707363+00:00" hostname="agent-env-53bd47e4-dfb8-460d-9702-1fe186e539b7"><testcase classname="backend.tests.test_heimdall_features.TestAuth" name="test_login_returns_session_token" time="0.477" /><testcase classname="backend.tests.test_heimdall_features.TestGamificationWeeklySummary" name="test_weekly_summary_returns_required_fields" time="0.226" /><testcase classname="backend.tests.test_heimdall_features.TestDiary" name="test_diary_create_returns_message" time="0.262" /><testcase classname="backend.tests.test_heimdall_features.TestDiary" name="test_diary_today_returns_logged_today" time="0.263" /><testcase classname="backend.tests.test_heimdall_features.TestSubscriptionStatus" name="test_subscription_status_returns_required_fields" time="0.218" /><testcase classname="backend.tests.test_heimdall_features.TestLessonsProgress" name="test_lessons_progress_returns_completed_lessons" time="0.209" /><testcase classname="backend.tests.test_heimdall_features.TestHealthEndpoint" name="test_health_endpoint" time="0.111" /></testsuite></testsuites>