<?xml version="1.0" encoding="utf-8"?><testsuites name="pytest tests"><testsuite name="pytest" errors="0" failures="0" skipped="0" tests="17" time="39.253" timestamp="2026-02-25T17:58:31.199718+00:00" hostname="agent-env-823d5cf7-0301-4a8a-89b2-daab71fd6a86"><testcase classname="backend.tests.test_leaderboard_weekly.TestLeaderboardAndWeeklySummary" name="test_leaderboard_endpoint_returns_200" time="5.157" /><testcase classname="backend.tests.test_leaderboard_weekly.TestLeaderboardAndWeeklySummary" name="test_leaderboard_response_structure" time="3.414" /><testcase classname="backend.tests.test_leaderboard_weekly.TestLeaderboardAndWeeklySummary" name="test_leaderboard_entry_fields" time="3.398" /><testcase classname="backend.tests.test_leaderboard_weekly.TestLeaderboardAndWeeklySummary" name="test_leaderboard_sorted_by_bones_descending" time="3.568" /><testcase classname="backend.tests.test_leaderboard_weekly.TestLeaderboardAndWeeklySummary" name="test_leaderboard_rank_is_sequential" time="3.114" /><testcase classname="backend.tests.test_leaderboard_weekly.TestLeaderboardAndWeeklySummary" name="test_leaderboard_is_current_user_field" time="4.936" /><testcase classname="backend.tests.test_leaderboard_weekly.TestLeaderboardAndWeeklySummary" name="test_leaderboard_limit_parameter" time="1.230" /><testcase classname="backend.tests.test_leaderboard_weekly.TestLeaderboardAndWeeklySummary" name="test_weekly_summary_endpoint_returns_200" time="0.640" /><testcase classname="backend.tests.test_leaderboard_weekly.TestLeaderboardAndWeeklySummary" name="test_weekly_summary_response_structure" time="0.628" /><testcase classname="backend.tests.test_leaderboard_weekly.TestLeaderboardAndWeeklySummary" name="test_weekly_summary_level_progress_calculation" time="0.614" /><testcase classname="backend.tests.test_leaderboard_weekly.TestLeaderboardAndWeeklySummary" name="test_weekly_summary_level_target_is_500" time="0.610" /><testcase classname="backend.tests.test_leaderboard_weekly.TestLeaderboardAndWeeklySummary" name="test_weekly_summary_numeric_values" time="0.712" /><testcase classname="backend.tests.test_leaderboard_weekly.TestLeaderboardAndWeeklySummary" name="test_add_bones_still_works" time="0.740" /><testcase classname="backend.tests.test_leaderboard_weekly.TestLeaderboardAndWeeklySummary" name="test_add_bones_updates_totals" time="1.816" /><testcase classname="backend.tests.test_leaderboard_weekly.TestLeaderboardAndWeeklySummary" name="test_leaderboard_requires_auth" time="0.420" /><testcase classname="backend.tests.test_leaderboard_weekly.TestLeaderboardAndWeeklySummary" name="test_weekly_summary_requires_auth" time="0.421" /><testcase classname="backend.tests.test_leaderboard_weekly.TestLeaderboardWithDogs" name="test_leaderboard_includes_dog_name" time="7.781" /></testsuite></testsuites>