<?xml version="1.0" encoding="utf-8"?><testsuites name="pytest tests"><testsuite name="pytest" errors="0" failures="0" skipped="0" tests="7" time="9.549" timestamp="2026-03-14T19:16:15.922408+00:00" hostname="agent-env-a23a233b-9a9a-44ff-9de9-865896dd6698"><testcase classname="backend.tests.test_lesson_progress.TestLessonProgressAuth" name="test_post_lesson_progress_without_auth_returns_401" time="0.595" /><testcase classname="backend.tests.test_lesson_progress.TestLessonProgressAuth" name="test_get_lesson_progress_without_auth_returns_401" time="0.568" /><testcase classname="backend.tests.test_lesson_progress.TestLessonProgressCRUD" name="test_save_lesson_progress_success" time="1.479" /><testcase classname="backend.tests.test_lesson_progress.TestLessonProgressCRUD" name="test_save_lesson_progress_duplicate_protection" time="2.003" /><testcase classname="backend.tests.test_lesson_progress.TestLessonProgressCRUD" name="test_get_lesson_progress_returns_list" time="1.880" /><testcase classname="backend.tests.test_lesson_progress.TestLessonProgressCRUD" name="test_save_lesson_progress_with_optional_program_id" time="1.768" /><testcase classname="backend.tests.test_lesson_progress.TestLessonProgressValidation" name="test_save_lesson_progress_missing_lesson_id" time="1.191" /></testsuite></testsuites>