<?xml version="1.0" encoding="utf-8"?><testsuites name="pytest tests"><testsuite name="pytest" errors="0" failures="0" skipped="0" tests="8" time="12.849" timestamp="2026-07-06T14:51:20.244929+00:00" hostname="agent-env-14f2addf-d349-4883-b9df-bcc49a2eac02"><testcase classname="backend.tests.test_medical_history_chat.TestMedicalHistoryChat" name="test_01_login_works" time="0.717" /><testcase classname="backend.tests.test_medical_history_chat.TestMedicalHistoryChat" name="test_02_get_medical_events_returns_vaccine_records" time="0.542" /><testcase classname="backend.tests.test_medical_history_chat.TestMedicalHistoryChat" name="test_03_chat_about_vaccines_includes_medical_history" time="3.740" /><testcase classname="backend.tests.test_medical_history_chat.TestMedicalHistoryChat" name="test_04_chat_no_backend_errors_for_medical_events" time="3.604" /><testcase classname="backend.tests.test_medical_history_chat.TestMedicalHistoryChat" name="test_05_chat_no_backend_errors_for_clinical_files" time="3.758" /><testcase classname="backend.tests.test_medical_history_chat.TestMedicalHistoryChat" name="test_06_health_check" time="0.002" /><testcase classname="backend.tests.test_medical_history_chat.TestMedicalEventsEndpoint" name="test_get_medical_events_structure" time="0.420" /><testcase classname="backend.tests.test_medical_history_chat.TestMedicalEventsEndpoint" name="test_medical_events_requires_auth" time="0.002" /></testsuite></testsuites>