<?xml version="1.0" encoding="utf-8"?><testsuites name="pytest tests"><testsuite name="pytest" errors="0" failures="0" skipped="0" tests="11" time="13.092" timestamp="2026-03-17T19:06:10.677894+00:00" hostname="agent-env-49343937-d9c3-4471-9b1b-c5de9bbd1896"><testcase classname="backend.tests.test_medical_events.TestMedicalEventsAPI" name="test_get_existing_medical_events" time="1.688" /><testcase classname="backend.tests.test_medical_events.TestMedicalEventsAPI" name="test_create_medical_event_vaccine" time="0.594" /><testcase classname="backend.tests.test_medical_events.TestMedicalEventsAPI" name="test_create_medical_event_checkup" time="0.725" /><testcase classname="backend.tests.test_medical_events.TestMedicalEventsAPI" name="test_create_medical_event_deworming" time="0.597" /><testcase classname="backend.tests.test_medical_events.TestMedicalEventsAPI" name="test_create_medical_event_note" time="0.852" /><testcase classname="backend.tests.test_medical_events.TestMedicalEventsAPI" name="test_verify_created_events_in_list" time="0.574" /><testcase classname="backend.tests.test_medical_events.TestMedicalEventsAPI" name="test_events_sorted_by_date_desc" time="0.594" /><testcase classname="backend.tests.test_medical_events.TestMedicalEventsAPI" name="test_event_structure_for_frontend" time="0.618" /><testcase classname="backend.tests.test_medical_events.TestMedicalEventsAPI" name="test_delete_medical_event" time="1.163" /><testcase classname="backend.tests.test_medical_events.TestMedicalEventsAPI" name="test_cleanup_test_events" time="3.852" /><testcase classname="backend.tests.test_medical_events.TestMedicalEventsDateFormats" name="test_date_format_yyyy_mm_dd" time="1.766" /></testsuite></testsuites>