<?xml version="1.0" encoding="utf-8"?><testsuites name="pytest tests"><testsuite name="pytest" errors="0" failures="0" skipped="0" tests="10" time="2.228" timestamp="2026-07-06T14:25:56.393059+00:00" hostname="agent-env-14f2addf-d349-4883-b9df-bcc49a2eac02"><testcase classname="backend.tests.test_password_reset_security.TestPasswordResetSecurity" name="test_health_check" time="0.006" /><testcase classname="backend.tests.test_password_reset_security.TestPasswordResetSecurity" name="test_login_with_existing_credentials" time="0.587" /><testcase classname="backend.tests.test_password_reset_security.TestPasswordResetSecurity" name="test_request_reset_valid_email_no_code_in_response" time="0.540" /><testcase classname="backend.tests.test_password_reset_security.TestPasswordResetSecurity" name="test_request_reset_nonexistent_email_no_code_in_response" time="0.125" /><testcase classname="backend.tests.test_password_reset_security.TestPasswordResetSecurity" name="test_reset_password_rejects_invalid_code" time="0.002" /><testcase classname="backend.tests.test_password_reset_security.TestPasswordResetSecurity" name="test_reset_password_rejects_nonexistent_email" time="0.002" /><testcase classname="backend.tests.test_password_reset_security.TestPasswordResetSecurity" name="test_request_reset_response_structure" time="0.284" /><testcase classname="backend.tests.test_password_reset_security.TestLoginStillWorks" name="test_login_success" time="0.281" /><testcase classname="backend.tests.test_password_reset_security.TestLoginStillWorks" name="test_login_invalid_password" time="0.285" /><testcase classname="backend.tests.test_password_reset_security.TestLoginStillWorks" name="test_login_invalid_email" time="0.056" /></testsuite></testsuites>