<?xml version="1.0" encoding="utf-8"?><testsuites name="pytest tests"><testsuite name="pytest" errors="0" failures="0" skipped="0" tests="8" time="11.064" timestamp="2026-03-17T18:21:00.813408+00:00" hostname="agent-env-49343937-d9c3-4471-9b1b-c5de9bbd1896"><testcase classname="backend.tests.test_pet_profile_edit.TestPetProfileNewFields" name="test_get_dogs_returns_new_fields" time="1.545" /><testcase classname="backend.tests.test_pet_profile_edit.TestPetProfileNewFields" name="test_update_dog_with_pet_type" time="0.987" /><testcase classname="backend.tests.test_pet_profile_edit.TestPetProfileNewFields" name="test_update_dog_with_sex" time="0.983" /><testcase classname="backend.tests.test_pet_profile_edit.TestPetProfileNewFields" name="test_update_dog_with_neutered" time="0.978" /><testcase classname="backend.tests.test_pet_profile_edit.TestPetProfileNewFields" name="test_update_dog_with_allergies" time="0.992" /><testcase classname="backend.tests.test_pet_profile_edit.TestPetProfileNewFields" name="test_update_dog_all_new_fields_at_once" time="1.009" /><testcase classname="backend.tests.test_pet_profile_edit.TestPetProfileNewFields" name="test_update_dog_with_different_pet_types" time="2.519" /><testcase classname="backend.tests.test_pet_profile_edit.TestDogUpdateModel" name="test_partial_update_only_name" time="1.991" /></testsuite></testsuites>