<?xml version="1.0" encoding="utf-8"?><testsuites name="pytest tests"><testsuite name="pytest" errors="0" failures="0" skipped="0" tests="10" time="16.525" timestamp="2026-02-26T09:15:36.076433+00:00" hostname="agent-env-5218ff6c-1c32-4f33-b481-b514538f9ace"><testcase classname="backend.tests.test_pro_subscription.TestProSubscriptionSystem" name="test_daily_usage_returns_usage_counts" time="1.630" /><testcase classname="backend.tests.test_pro_subscription.TestProSubscriptionSystem" name="test_subscription_status_returns_structure" time="1.241" /><testcase classname="backend.tests.test_pro_subscription.TestProSubscriptionSystem" name="test_subscription_activate_monthly" time="1.208" /><testcase classname="backend.tests.test_pro_subscription.TestProSubscriptionSystem" name="test_subscription_activate_annual" time="1.160" /><testcase classname="backend.tests.test_pro_subscription.TestProSubscriptionSystem" name="test_subscription_status_after_activation" time="1.750" /><testcase classname="backend.tests.test_pro_subscription.TestProSubscriptionSystem" name="test_daily_usage_requires_auth" time="1.133" /><testcase classname="backend.tests.test_pro_subscription.TestProSubscriptionSystem" name="test_subscription_status_requires_auth" time="1.124" /><testcase classname="backend.tests.test_pro_subscription.TestProSubscriptionSystem" name="test_subscription_activate_requires_auth" time="1.088" /><testcase classname="backend.tests.test_pro_subscription.TestChatLimitEnforcement" name="test_chat_endpoint_works_for_pro_user" time="4.961" /><testcase classname="backend.tests.test_pro_subscription.TestUploadLimitEnforcement" name="test_upload_endpoint_exists" time="1.165" /></testsuite></testsuites>