<?xml version="1.0" encoding="utf-8"?><testsuites name="pytest tests"><testsuite name="pytest" errors="0" failures="0" skipped="0" tests="5" time="10.473" timestamp="2026-02-25T17:39:08.517055+00:00" hostname="agent-env-823d5cf7-0301-4a8a-89b2-daab71fd6a86"><testcase classname="backend.tests.test_gamification_api.TestAuthSetup" name="test_health_check" time="0.584" /><testcase classname="backend.tests.test_gamification_api.TestGamificationStats" name="test_get_stats_returns_required_fields" time="1.516" /><testcase classname="backend.tests.test_gamification_api.TestGamificationAddBones" name="test_add_bones_returns_required_fields" time="2.846" /><testcase classname="backend.tests.test_gamification_api.TestGamificationAddBones" name="test_multiple_add_bones_accumulate" time="3.108" /><testcase classname="backend.tests.test_gamification_api.TestGamificationXPAndLevel" name="test_xp_increases_with_bones" time="2.362" /></testsuite></testsuites>