<?xml version="1.0" encoding="utf-8"?><testsuites name="pytest tests"><testsuite name="pytest" errors="0" failures="0" skipped="0" tests="4" time="3.370" timestamp="2026-07-18T10:11:46.213842+00:00" hostname="agent-env-14f2addf-d349-4883-b9df-bcc49a2eac02"><testcase classname="backend.tests.test_heimdall_features" name="test_app_version_returns_118_and_store_url" time="0.254" /><testcase classname="backend.tests.test_heimdall_features" name="test_list_dogs_contains_hani" time="1.727" /><testcase classname="backend.tests.test_heimdall_features" name="test_create_get_delete_pet_lifecycle" time="1.232" /><testcase classname="backend.tests.test_heimdall_features" name="test_dogs_requires_auth" time="0.103" /></testsuite></testsuites>