<?xml version="1.0" encoding="utf-8"?><testsuites name="pytest tests"><testsuite name="pytest" errors="0" failures="0" skipped="0" tests="14" time="16.068" timestamp="2026-02-25T17:41:59.422848+00:00" hostname="agent-env-823d5cf7-0301-4a8a-89b2-daab71fd6a86"><testcase classname="backend.tests.test_education_content.TestContentVerification" name="test_all_program_lessons_exist" time="0.000" /><testcase classname="backend.tests.test_education_content.TestContentVerification" name="test_exercise_ids_count" time="0.000" /><testcase classname="backend.tests.test_education_content.TestContentVerification" name="test_game_ids_count" time="0.000" /><testcase classname="backend.tests.test_education_content.TestGamificationAPI" name="test_add_bones_for_lesson" time="1.682" /><testcase classname="backend.tests.test_education_content.TestGamificationAPI" name="test_add_bones_for_exercise" time="0.712" /><testcase classname="backend.tests.test_education_content.TestGamificationAPI" name="test_add_bones_for_game" time="0.619" /><testcase classname="backend.tests.test_education_content.TestGamificationAPI" name="test_get_stats_all_fields" time="0.526" /><testcase classname="backend.tests.test_education_content.TestGamificationAPI" name="test_bones_accumulate_correctly" time="2.408" /><testcase classname="backend.tests.test_education_content.TestHealthCheck" name="test_health_endpoint" time="0.422" /><testcase classname="backend.tests.test_gamification_api.TestAuthSetup" name="test_health_check" time="0.422" /><testcase classname="backend.tests.test_gamification_api.TestGamificationStats" name="test_get_stats_returns_required_fields" time="1.350" /><testcase classname="backend.tests.test_gamification_api.TestGamificationAddBones" name="test_add_bones_returns_required_fields" time="2.537" /><testcase classname="backend.tests.test_gamification_api.TestGamificationAddBones" name="test_multiple_add_bones_accumulate" time="2.987" /><testcase classname="backend.tests.test_gamification_api.TestGamificationXPAndLevel" name="test_xp_increases_with_bones" time="2.350" /></testsuite></testsuites>