<?xml version="1.0" encoding="utf-8"?><testsuites name="pytest tests"><testsuite name="pytest" errors="0" failures="0" skipped="0" tests="22" time="46.250" timestamp="2026-03-16T06:30:16.853071+00:00" hostname="agent-env-a23a233b-9a9a-44ff-9de9-865896dd6698"><testcase classname="backend.tests.test_unlimited_chat.TestUnlimitedChat" name="test_login_successful" time="0.705" /><testcase classname="backend.tests.test_unlimited_chat.TestUnlimitedChat" name="test_chat_message_1" time="1.632" /><testcase classname="backend.tests.test_unlimited_chat.TestUnlimitedChat" name="test_chat_message_2" time="4.527" /><testcase classname="backend.tests.test_unlimited_chat.TestUnlimitedChat" name="test_chat_message_3" time="3.702" /><testcase classname="backend.tests.test_unlimited_chat.TestUnlimitedChat" name="test_chat_message_4" time="4.693" /><testcase classname="backend.tests.test_unlimited_chat.TestUnlimitedChat" name="test_chat_message_5" time="5.560" /><testcase classname="backend.tests.test_unlimited_chat.TestUnlimitedChat" name="test_chat_message_6_no_limit" time="4.540" /><testcase classname="backend.tests.test_unlimited_chat.TestUnlimitedChat" name="test_chat_message_7_still_works" time="4.949" /><testcase classname="backend.tests.test_unlimited_chat.TestCompanionTone" name="test_response_has_emojis" time="5.630" /><testcase classname="backend.tests.test_unlimited_chat.TestCompanionTone" name="test_response_structure_is_readable" time="6.726" /><testcase classname="backend.tests.test_unlimited_chat.TestRatingEndpoint" name="test_get_history_for_message_id" time="0.622" /><testcase classname="backend.tests.test_unlimited_chat.TestRatingEndpoint" name="test_rate_message_up" time="0.335" /><testcase classname="backend.tests.test_unlimited_chat.TestRatingEndpoint" name="test_rate_message_down" time="0.357" /><testcase classname="backend.tests.test_unlimited_chat.TestRatingEndpoint" name="test_rate_invalid_value" time="0.316" /><testcase classname="backend.tests.test_unlimited_chat.TestDailyUsage" name="test_daily_usage_returns_200" time="0.557" /><testcase classname="backend.tests.test_unlimited_chat.TestDailyUsage" name="test_daily_usage_structure" time="0.163" /><testcase classname="backend.tests.test_unlimited_chat.TestDailyUsage" name="test_file_upload_limits_for_free_user" time="0.203" /><testcase classname="backend.tests.test_unlimited_chat.TestFeedbackLearning" name="test_chat_history_includes_rating_field" time="0.546" /><testcase classname="backend.tests.test_unlimited_chat.TestAuthRequired" name="test_chat_requires_auth" time="0.114" /><testcase classname="backend.tests.test_unlimited_chat.TestAuthRequired" name="test_rate_requires_auth" time="0.084" /><testcase classname="backend.tests.test_unlimited_chat.TestAuthRequired" name="test_daily_usage_requires_auth" time="0.095" /><testcase classname="backend.tests.test_unlimited_chat.TestAuthRequired" name="test_history_requires_auth" time="0.115" /></testsuite></testsuites>